[01m[K/home/huihai/catkin_ws_p/src/depth_data/src/depth_data.cpp:[m[K In function â€˜[01m[Kint main(int, char**)[m[Kâ€™:
[01m[K/home/huihai/catkin_ws_p/src/depth_data/src/depth_data.cpp:35:1:[m[K [01;31m[Kerror: [m[Kexpected â€˜[01m[K}[m[Kâ€™ at end of input
   35 | [01;31m[K}[m[K
      | [01;31m[K^[m[K
[01m[K/home/huihai/catkin_ws_p/src/depth_data/src/depth_data.cpp:17:32:[m[K [01;36m[Knote: [m[Kto match this â€˜[01m[K{[m[Kâ€™
   17 | int main(int argc, char **argv)[01;36m[K{[m[K
      |                                [01;36m[K^[m[K
make[2]: *** [CMakeFiles/depth_data.dir/build.make:63: CMakeFiles/depth_data.dir/src/depth_data.cpp.o] Error 1
make[1]: *** [CMakeFiles/Makefile2:165: CMakeFiles/depth_data.dir/all] Error 2
make: *** [Makefile:141: all] Error 2
